24-01-31 11:26:17.131 :       Model Name : BSRGAN
24-01-31 11:26:17.139 :           GPU ID : 0
24-01-31 11:26:17.886 :       Input Path : testsets\RealSRSet
24-01-31 11:26:17.886 :      Output Path : testsets\RealSRSet_results_x4
24-01-31 11:28:02.860 :       Model Name : BSRGAN
24-01-31 11:28:02.863 :           GPU ID : 0
24-01-31 11:28:03.540 :       Input Path : testsets\RealSRSet
24-01-31 11:28:03.541 :      Output Path : testsets\RealSRSet_results_x4
24-01-31 11:41:38.252 :       Model Name : BSRGAN
24-01-31 11:41:38.252 :           GPU ID : 0
24-01-31 11:41:38.996 :       Input Path : testsets\RealSRSet
24-01-31 11:41:38.997 :      Output Path : testsets\RealSRSet_results_x4
24-01-31 11:52:03.933 :       Model Name : BSRGAN
24-01-31 11:52:03.935 :           GPU ID : 0
24-01-31 11:52:04.670 :       Input Path : testsets\RealSRSet
24-01-31 11:52:04.671 :      Output Path : testsets\RealSRSet_results_x4
24-01-31 12:03:26.683 :       Model Name : BSRGAN
24-01-31 12:03:26.685 :           GPU ID : 0
24-01-31 12:03:27.265 :       Input Path : testsets\RealSRSet
24-01-31 12:03:27.266 :      Output Path : testsets\RealSRSet_results_x4
24-01-31 12:03:27.266 : ---1 --> BSRGAN --> x4--> ball.png
24-01-31 12:09:53.349 :       Model Name : BSRGAN
24-01-31 12:09:53.352 :           GPU ID : 0
24-01-31 12:09:54.207 :       Input Path : testsets\RealSRSet
24-01-31 12:09:54.207 :      Output Path : testsets\RealSRSet_results_x4
24-01-31 12:09:54.207 : ---1 --> BSRGAN --> x4--> ball.png
24-01-31 12:10:33.990 :       Model Name : BSRGAN
24-01-31 12:10:33.992 :           GPU ID : 0
24-01-31 12:10:34.686 :       Input Path : testsets\RealSRSet
24-01-31 12:10:34.686 :      Output Path : testsets\RealSRSet_results_x4
24-01-31 12:10:34.686 : ---1 --> BSRGAN --> x4--> ball.png
24-01-31 12:11:29.466 :       Model Name : BSRGAN
24-01-31 12:11:29.468 :           GPU ID : 0
24-01-31 12:11:30.140 :       Input Path : testsets\RealSRSet
24-01-31 12:11:30.140 :      Output Path : testsets\RealSRSet_results_x4
24-01-31 12:11:30.140 : ---1 --> BSRGAN --> x4--> ball.png
24-01-31 12:18:06.406 :       Model Name : BSRGAN
24-01-31 12:18:06.409 :           GPU ID : 0
24-01-31 12:18:07.106 :       Input Path : testsets\RealSRSet
24-01-31 12:18:07.106 :      Output Path : testsets\RealSRSet_results_x4
24-01-31 12:18:07.106 : ---1 --> BSRGAN --> x4--> ball.png
24-01-31 12:19:39.010 :       Model Name : BSRGAN
24-01-31 12:19:39.014 :           GPU ID : 0
24-01-31 12:19:39.758 :       Input Path : testsets\RealSRSet
24-01-31 12:19:39.758 :      Output Path : testsets\RealSRSet_results_x4
24-01-31 12:19:39.758 : ---1 --> BSRGAN --> x4--> ball.png
24-01-31 12:20:20.671 :       Model Name : BSRGAN
24-01-31 12:20:20.671 :           GPU ID : 0
24-01-31 12:20:21.397 :       Input Path : testsets\RealSRSet
24-01-31 12:20:21.397 :      Output Path : testsets\RealSRSet_results_x4
24-01-31 12:20:21.397 : ---1 --> BSRGAN --> x4--> ball.png
24-01-31 12:20:43.334 :       Model Name : BSRGAN
24-01-31 12:20:43.337 :           GPU ID : 0
24-01-31 12:20:44.033 :       Input Path : testsets\RealSRSet
24-01-31 12:20:44.033 :      Output Path : testsets\RealSRSet_results_x4
24-01-31 12:20:44.033 : ---1 --> BSRGAN --> x4--> ball.png
24-01-31 12:23:56.440 :       Model Name : BSRGAN
24-01-31 12:23:56.442 :           GPU ID : 0
24-01-31 12:23:57.135 :       Input Path : testsets\RealSRSet
24-01-31 12:23:57.135 :      Output Path : testsets\RealSRSet_results_x4
24-01-31 12:23:57.136 : ---1 --> BSRGAN --> x4--> ball.png
24-01-31 12:24:32.537 :       Model Name : BSRGAN
24-01-31 12:24:32.539 :           GPU ID : 0
24-01-31 12:24:33.241 :       Input Path : testsets\RealSRSet
24-01-31 12:24:33.241 :      Output Path : testsets\RealSRSet_results_x4
24-01-31 12:24:33.241 : ---1 --> BSRGAN --> x4--> ball.png
24-01-31 12:26:22.757 :       Model Name : BSRGAN
24-01-31 12:26:22.759 :           GPU ID : 0
24-01-31 12:26:23.462 :       Input Path : testsets\RealSRSet
24-01-31 12:26:23.462 :      Output Path : testsets\RealSRSet_results_x4
24-01-31 12:26:23.462 : ---1 --> BSRGAN --> x4--> ball.png
24-01-31 12:28:16.772 :       Model Name : BSRGAN
24-01-31 12:28:16.776 :           GPU ID : 0
24-01-31 12:28:17.382 :       Input Path : testsets\RealSRSet
24-01-31 12:28:17.383 :      Output Path : testsets\RealSRSet_results_x4
24-01-31 12:28:17.383 : ---1 --> BSRGAN --> x4--> ball.png
24-01-31 12:29:03.725 :       Model Name : BSRGAN
24-01-31 12:29:03.728 :           GPU ID : 0
24-01-31 12:29:04.452 :       Input Path : testsets\RealSRSet
24-01-31 12:29:04.453 :      Output Path : testsets\RealSRSet_results_x4
24-01-31 12:29:04.453 : ---1 --> BSRGAN --> x4--> ball.png
24-01-31 12:30:43.518 :       Model Name : BSRGAN
24-01-31 12:30:43.518 :           GPU ID : 0
24-01-31 12:30:44.216 :       Input Path : testsets\RealSRSet
24-01-31 12:30:44.217 :      Output Path : testsets\RealSRSet_results_x4
24-01-31 12:30:44.217 : ---1 --> BSRGAN --> x4--> ball.png
24-01-31 12:34:24.498 :       Model Name : BSRGAN
24-01-31 12:34:24.498 :           GPU ID : 0
24-01-31 12:34:25.215 :       Input Path : testsets\RealSRSet
24-01-31 12:34:25.215 :      Output Path : testsets\RealSRSet_results_x4
24-01-31 12:34:25.215 : ---1 --> BSRGAN --> x4--> ball.png
24-01-31 12:35:22.374 :       Model Name : BSRGAN
24-01-31 12:35:22.374 :           GPU ID : 0
24-01-31 12:35:23.027 :       Input Path : testsets\RealSRSet
24-01-31 12:35:23.027 :      Output Path : testsets\RealSRSet_results_x4
24-01-31 12:35:23.027 : ---1 --> BSRGAN --> x4--> ball.png
24-01-31 12:35:32.602 :       Model Name : BSRGAN
24-01-31 12:35:32.602 :           GPU ID : 0
24-01-31 12:35:33.274 :       Input Path : testsets\RealSRSet
24-01-31 12:35:33.275 :      Output Path : testsets\RealSRSet_results_x4
24-01-31 12:35:33.275 : ---1 --> BSRGAN --> x4--> ball.png
24-01-31 12:37:24.385 :       Model Name : BSRGAN
24-01-31 12:37:24.385 :           GPU ID : 0
24-01-31 12:37:25.054 :       Input Path : testsets\RealSRSet
24-01-31 12:37:25.054 :      Output Path : testsets\RealSRSet_results_x4
24-01-31 12:37:25.054 : ---1 --> BSRGAN --> x4--> ball.png
24-01-31 12:38:51.650 :       Model Name : BSRGAN
24-01-31 12:38:51.650 :           GPU ID : 0
24-01-31 12:38:52.384 :       Input Path : testsets\RealSRSet
24-01-31 12:38:52.384 :      Output Path : testsets\RealSRSet_results_x4
24-01-31 12:38:52.385 : ---1 --> BSRGAN --> x4--> ball.png
24-01-31 12:40:30.628 :       Model Name : BSRGAN
24-01-31 12:40:30.628 :           GPU ID : 0
24-01-31 12:40:31.159 :       Input Path : testsets\RealSRSet
24-01-31 12:40:31.159 :      Output Path : testsets\RealSRSet_results_x4
24-01-31 12:40:31.159 : ---1 --> BSRGAN --> x4--> ball.png
24-01-31 12:41:16.675 :       Model Name : BSRGAN
24-01-31 12:41:16.675 :           GPU ID : 0
24-01-31 12:41:17.237 :       Input Path : testsets\RealSRSet
24-01-31 12:41:17.237 :      Output Path : testsets\RealSRSet_results_x4
24-01-31 12:41:17.237 : ---1 --> BSRGAN --> x4--> ball.png
24-01-31 12:41:42.910 :       Model Name : BSRGAN
24-01-31 12:41:42.913 :           GPU ID : 0
24-01-31 12:41:43.624 :       Input Path : testsets\RealSRSet
24-01-31 12:41:43.624 :      Output Path : testsets\RealSRSet_results_x4
24-01-31 12:41:43.624 : ---1 --> BSRGAN --> x4--> ball.png
24-01-31 12:42:15.902 :       Model Name : BSRGAN
24-01-31 12:42:15.905 :           GPU ID : 0
24-01-31 12:42:16.589 :       Input Path : testsets\RealSRSet
24-01-31 12:42:16.590 :      Output Path : testsets\RealSRSet_results_x4
24-01-31 12:42:16.590 : ---1 --> BSRGAN --> x4--> ball.png
24-01-31 12:43:39.563 :       Model Name : BSRGAN
24-01-31 12:43:39.566 :           GPU ID : 0
24-01-31 12:43:40.255 :       Input Path : testsets\RealSRSet
24-01-31 12:43:40.255 :      Output Path : testsets\RealSRSet_results_x4
24-01-31 12:43:40.255 : ---1 --> BSRGAN --> x4--> ball.png
24-01-31 12:44:31.347 :       Model Name : BSRGAN
24-01-31 12:44:31.349 :           GPU ID : 0
24-01-31 12:44:32.033 :       Input Path : testsets\RealSRSet
24-01-31 12:44:32.034 :      Output Path : testsets\RealSRSet_results_x4
24-01-31 12:44:32.034 : ---1 --> BSRGAN --> x4--> ball.png
24-01-31 12:48:12.412 :       Model Name : BSRGAN
24-01-31 12:48:12.417 :           GPU ID : 0
24-01-31 12:48:13.104 :       Input Path : testsets\RealSRSet
24-01-31 12:48:13.104 :      Output Path : testsets\RealSRSet_results_x4
24-01-31 12:48:13.104 : ---1 --> BSRGAN --> x4--> ball.png
24-01-31 12:49:44.165 :       Model Name : BSRGAN
24-01-31 12:49:44.166 :           GPU ID : 0
24-01-31 12:49:44.744 :       Input Path : testsets\RealSRSet
24-01-31 12:49:44.744 :      Output Path : testsets\RealSRSet_results_x4
24-01-31 12:49:44.745 : ---1 --> BSRGAN --> x4--> ball.png
24-01-31 12:50:32.500 :       Model Name : BSRGAN
24-01-31 12:50:32.500 :           GPU ID : 0
24-01-31 12:50:33.117 :       Input Path : testsets\RealSRSet
24-01-31 12:50:33.118 :      Output Path : testsets\RealSRSet_results_x4
24-01-31 12:50:33.118 : ---1 --> BSRGAN --> x4--> ball.png
24-01-31 12:56:26.297 :       Model Name : BSRGAN
24-01-31 12:56:26.299 :           GPU ID : 0
24-01-31 12:56:26.917 :       Input Path : testsets\RealSRSet
24-01-31 12:56:26.917 :      Output Path : testsets\RealSRSet_results_x4
24-01-31 12:56:26.918 : ---1 --> BSRGAN --> x4--> ball.png
24-01-31 12:57:06.516 :       Model Name : BSRGAN
24-01-31 12:57:06.518 :           GPU ID : 0
24-01-31 12:57:07.189 :       Input Path : testsets\RealSRSet
24-01-31 12:57:07.189 :      Output Path : testsets\RealSRSet_results_x4
24-01-31 12:57:07.189 : ---1 --> BSRGAN --> x4--> ball.png
24-01-31 12:58:08.435 :       Model Name : BSRGAN
24-01-31 12:58:08.436 :           GPU ID : 0
24-01-31 12:58:09.013 :       Input Path : testsets\RealSRSet
24-01-31 12:58:09.013 :      Output Path : testsets\RealSRSet_results_x4
24-01-31 12:58:09.013 : ---1 --> BSRGAN --> x4--> ball.png
24-01-31 12:58:48.213 :       Model Name : BSRGAN
24-01-31 12:58:48.216 :           GPU ID : 0
24-01-31 12:58:48.935 :       Input Path : testsets\RealSRSet
24-01-31 12:58:48.935 :      Output Path : testsets\RealSRSet_results_x4
24-01-31 12:58:48.935 : ---1 --> BSRGAN --> x4--> ball.png
24-01-31 12:59:59.706 :       Model Name : BSRGAN
24-01-31 12:59:59.706 :           GPU ID : 0
24-01-31 13:00:00.442 :       Input Path : testsets\RealSRSet
24-01-31 13:00:00.442 :      Output Path : testsets\RealSRSet_results_x4
24-01-31 13:00:00.444 : ---1 --> BSRGAN --> x4--> ball.png
24-01-31 13:00:15.725 :       Model Name : BSRGAN
24-01-31 13:00:15.728 :           GPU ID : 0
24-01-31 13:00:16.418 :       Input Path : testsets\RealSRSet
24-01-31 13:00:16.418 :      Output Path : testsets\RealSRSet_results_x4
24-01-31 13:00:16.418 : ---1 --> BSRGAN --> x4--> ball.png
24-01-31 13:04:26.520 :       Model Name : BSRGAN
24-01-31 13:04:26.522 :           GPU ID : 0
24-01-31 13:04:27.205 :       Input Path : testsets\RealSRSet
24-01-31 13:04:27.205 :      Output Path : testsets\RealSRSet_results_x4
24-01-31 13:04:27.206 : ---1 --> BSRGAN --> x4--> ball.png
24-01-31 13:05:24.713 :       Model Name : BSRGAN
24-01-31 13:05:24.716 :           GPU ID : 0
24-01-31 13:05:25.394 :       Input Path : testsets\RealSRSet
24-01-31 13:05:25.395 :      Output Path : testsets\RealSRSet_results_x4
24-01-31 13:05:25.395 : ---1 --> BSRGAN --> x4--> ball.png
24-01-31 13:06:02.779 :       Model Name : BSRGAN
24-01-31 13:06:02.784 :           GPU ID : 0
24-01-31 13:06:03.503 :       Input Path : testsets\RealSRSet
24-01-31 13:06:03.503 :      Output Path : testsets\RealSRSet_results_x4
24-01-31 13:06:03.503 : ---1 --> BSRGAN --> x4--> ball.png
24-01-31 13:06:44.767 :       Model Name : BSRGAN
24-01-31 13:06:44.769 :           GPU ID : 0
24-01-31 13:06:45.446 :       Input Path : testsets\RealSRSet
24-01-31 13:06:45.446 :      Output Path : testsets\RealSRSet_results_x4
24-01-31 13:06:45.446 : ---1 --> BSRGAN --> x4--> ball.png
24-01-31 13:09:34.097 :       Model Name : BSRGAN
24-01-31 13:09:34.100 :           GPU ID : 0
24-01-31 13:09:34.782 :       Input Path : testsets\RealSRSet
24-01-31 13:09:34.782 :      Output Path : testsets\RealSRSet_results_x4
24-01-31 13:09:34.783 : ---1 --> BSRGAN --> x4--> ball.png
24-01-31 13:10:18.085 :       Model Name : BSRGAN
24-01-31 13:10:18.085 :           GPU ID : 0
24-01-31 13:10:18.769 :       Input Path : testsets\RealSRSet
24-01-31 13:10:18.769 :      Output Path : testsets\RealSRSet_results_x4
24-01-31 13:10:18.770 : ---1 --> BSRGAN --> x4--> ball.png
24-01-31 13:10:44.577 :       Model Name : BSRGAN
24-01-31 13:10:44.578 :           GPU ID : 0
24-01-31 13:10:45.270 :       Input Path : testsets\RealSRSet
24-01-31 13:10:45.270 :      Output Path : testsets\RealSRSet_results_x4
24-01-31 13:10:45.270 : ---1 --> BSRGAN --> x4--> ball.png
24-01-31 13:11:32.475 :       Model Name : BSRGAN
24-01-31 13:11:32.479 :           GPU ID : 0
24-01-31 13:11:33.077 :       Input Path : testsets\RealSRSet
24-01-31 13:11:33.077 :      Output Path : testsets\RealSRSet_results_x4
24-01-31 13:11:33.077 : ---1 --> BSRGAN --> x4--> ball.png
24-01-31 13:13:00.018 :       Model Name : BSRGAN
24-01-31 13:13:00.021 :           GPU ID : 0
24-01-31 13:13:00.717 :       Input Path : testsets\RealSRSet
24-01-31 13:13:00.718 :      Output Path : testsets\RealSRSet_results_x4
24-01-31 13:13:00.718 : ---1 --> BSRGAN --> x4--> ball.png
24-01-31 13:15:16.777 :       Model Name : BSRGAN
24-01-31 13:15:16.780 :           GPU ID : 0
24-01-31 13:15:17.447 :       Input Path : testsets\RealSRSet
24-01-31 13:15:17.447 :      Output Path : testsets\RealSRSet_results_x4
24-01-31 13:15:17.447 : ---1 --> BSRGAN --> x4--> ball.png
24-01-31 13:16:29.275 :       Model Name : BSRGAN
24-01-31 13:16:29.277 :           GPU ID : 0
24-01-31 13:16:29.887 :       Input Path : testsets\RealSRSet
24-01-31 13:16:29.887 :      Output Path : testsets\RealSRSet_results_x4
24-01-31 13:16:29.887 : ---1 --> BSRGAN --> x4--> ball.png
24-01-31 13:18:20.101 :       Model Name : BSRGAN
24-01-31 13:18:20.104 :           GPU ID : 0
24-01-31 13:18:20.728 :       Input Path : testsets\RealSRSet
24-01-31 13:18:20.728 :      Output Path : testsets\RealSRSet_results_x4
24-01-31 13:18:20.729 : ---1 --> BSRGAN --> x4--> ball.png
24-01-31 13:25:50.270 :       Model Name : BSRGAN
24-01-31 13:25:50.273 :           GPU ID : 0
24-01-31 13:25:50.911 :       Input Path : testsets\RealSRSet
24-01-31 13:25:50.911 :      Output Path : testsets\RealSRSet_results_x4
24-01-31 13:25:50.911 : ---1 --> BSRGAN --> x4--> ball.png
24-01-31 13:26:44.201 :       Model Name : BSRGAN
24-01-31 13:26:44.204 :           GPU ID : 0
24-01-31 13:26:44.862 :       Input Path : testsets\RealSRSet
24-01-31 13:26:44.862 :      Output Path : testsets\RealSRSet_results_x4
24-01-31 13:26:44.862 : ---1 --> BSRGAN --> x4--> ball.png
24-01-31 13:28:39.131 :       Model Name : BSRGAN
24-01-31 13:28:39.134 :           GPU ID : 0
24-01-31 13:28:39.774 :       Input Path : testsets\RealSRSet
24-01-31 13:28:39.774 :      Output Path : testsets\RealSRSet_results_x4
24-01-31 13:28:39.774 : ---1 --> BSRGAN --> x4--> ball.png
24-01-31 13:29:42.422 :       Model Name : BSRGAN
24-01-31 13:29:42.425 :           GPU ID : 0
24-01-31 13:29:43.134 :       Input Path : testsets\RealSRSet
24-01-31 13:29:43.134 :      Output Path : testsets\RealSRSet_results_x4
24-01-31 13:29:43.134 : ---1 --> BSRGAN --> x4--> ball.png
24-01-31 13:35:01.126 :       Model Name : BSRGAN
24-01-31 13:35:01.128 :           GPU ID : 0
24-01-31 13:35:01.843 :       Input Path : testsets\RealSRSet
24-01-31 13:35:01.844 :      Output Path : testsets\RealSRSet_results_x4
24-01-31 13:35:01.844 : ---1 --> BSRGAN --> x4--> ball.png
24-01-31 13:39:05.561 :       Model Name : BSRGAN
24-01-31 13:39:05.561 :           GPU ID : 0
24-01-31 13:39:06.282 :       Input Path : testsets\RealSRSet
24-01-31 13:39:06.282 :      Output Path : testsets\RealSRSet_results_x4
24-01-31 13:39:06.283 : ---1 --> BSRGAN --> x4--> ball.png
24-01-31 13:39:18.798 :       Model Name : BSRGAN
24-01-31 13:39:18.800 :           GPU ID : 0
24-01-31 13:39:19.486 :       Input Path : testsets\RealSRSet
24-01-31 13:39:19.486 :      Output Path : testsets\RealSRSet_results_x4
24-01-31 13:39:19.486 : ---1 --> BSRGAN --> x4--> ball.png
24-01-31 13:43:33.137 :       Model Name : BSRGAN
24-01-31 13:43:33.139 :           GPU ID : 0
24-01-31 13:43:33.857 :       Input Path : testsets\RealSRSet
24-01-31 13:43:33.857 :      Output Path : testsets\RealSRSet_results_x4
24-01-31 13:43:33.857 : ---1 --> BSRGAN --> x4--> ball.png
24-01-31 13:44:28.844 :       Model Name : BSRGAN
24-01-31 13:44:28.847 :           GPU ID : 0
24-01-31 13:44:29.522 :       Input Path : testsets\RealSRSet
24-01-31 13:44:29.522 :      Output Path : testsets\RealSRSet_results_x4
24-01-31 13:44:29.522 : ---1 --> BSRGAN --> x4--> ball.png
24-01-31 13:45:55.281 :       Model Name : BSRGAN
24-01-31 13:45:55.284 :           GPU ID : 0
24-01-31 13:45:55.949 :       Input Path : testsets\RealSRSet
24-01-31 13:45:55.949 :      Output Path : testsets\RealSRSet_results_x4
24-01-31 13:45:55.949 : ---1 --> BSRGAN --> x4--> ball.png
24-01-31 13:46:32.083 :       Model Name : BSRGAN
24-01-31 13:46:32.085 :           GPU ID : 0
24-01-31 13:46:32.760 :       Input Path : testsets\RealSRSet
24-01-31 13:46:32.760 :      Output Path : testsets\RealSRSet_results_x4
24-01-31 13:46:32.760 : ---1 --> BSRGAN --> x4--> ball.png
24-01-31 13:47:44.043 :       Model Name : BSRGAN
24-01-31 13:47:44.043 :           GPU ID : 0
24-01-31 13:47:44.681 :       Input Path : testsets\RealSRSet
24-01-31 13:47:44.681 :      Output Path : testsets\RealSRSet_results_x4
24-01-31 13:47:44.681 : ---1 --> BSRGAN --> x4--> ball.png
24-01-31 13:48:19.320 :       Model Name : BSRGAN
24-01-31 13:48:19.320 :           GPU ID : 0
24-01-31 13:48:20.143 :       Input Path : testsets\RealSRSet
24-01-31 13:48:20.143 :      Output Path : testsets\RealSRSet_results_x4
24-01-31 13:48:20.143 : ---1 --> BSRGAN --> x4--> ball.png
24-01-31 13:48:39.068 :       Model Name : BSRGAN
24-01-31 13:48:39.069 :           GPU ID : 0
24-01-31 13:48:39.633 :       Input Path : testsets\RealSRSet
24-01-31 13:48:39.633 :      Output Path : testsets\RealSRSet_results_x4
24-01-31 13:48:39.633 : ---1 --> BSRGAN --> x4--> ball.png
24-01-31 13:49:36.273 :       Model Name : BSRGAN
24-01-31 13:49:36.276 :           GPU ID : 0
24-01-31 13:49:36.941 :       Input Path : testsets\RealSRSet
24-01-31 13:49:36.941 :      Output Path : testsets\RealSRSet_results_x4
24-01-31 13:49:36.941 : ---1 --> BSRGAN --> x4--> ball.png
24-01-31 13:50:41.557 :       Model Name : BSRGAN
24-01-31 13:50:41.558 :           GPU ID : 0
24-01-31 13:50:42.302 :       Input Path : testsets\RealSRSet
24-01-31 13:50:42.303 :      Output Path : testsets\RealSRSet_results_x4
24-01-31 13:50:42.303 : ---1 --> BSRGAN --> x4--> ball.png
24-01-31 13:51:13.552 :       Model Name : BSRGAN
24-01-31 13:51:13.552 :           GPU ID : 0
24-01-31 13:51:14.253 :       Input Path : testsets\RealSRSet
24-01-31 13:51:14.253 :      Output Path : testsets\RealSRSet_results_x4
24-01-31 13:51:14.254 : ---1 --> BSRGAN --> x4--> ball.png
24-01-31 13:51:36.541 :       Model Name : BSRGAN
24-01-31 13:51:36.542 :           GPU ID : 0
24-01-31 13:51:37.242 :       Input Path : testsets\RealSRSet
24-01-31 13:51:37.242 :      Output Path : testsets\RealSRSet_results_x4
24-01-31 13:51:37.242 : ---1 --> BSRGAN --> x4--> ball.png
24-01-31 13:54:59.145 :       Model Name : BSRGAN
24-01-31 13:54:59.145 :           GPU ID : 0
24-01-31 13:54:59.825 :       Input Path : testsets\RealSRSet
24-01-31 13:54:59.826 :      Output Path : testsets\RealSRSet_results_x4
24-01-31 13:54:59.826 : ---1 --> BSRGAN --> x4--> ball.png
24-01-31 13:55:24.745 :       Model Name : BSRGAN
24-01-31 13:55:24.745 :           GPU ID : 0
24-01-31 13:55:25.314 :       Input Path : testsets\RealSRSet
24-01-31 13:55:25.314 :      Output Path : testsets\RealSRSet_results_x4
24-01-31 13:55:25.314 : ---1 --> BSRGAN --> x4--> ball.png
24-01-31 13:55:31.683 :       Model Name : BSRGAN
24-01-31 13:55:31.683 :           GPU ID : 0
24-01-31 13:55:32.285 :       Input Path : testsets\RealSRSet
24-01-31 13:55:32.285 :      Output Path : testsets\RealSRSet_results_x4
24-01-31 13:55:32.285 : ---1 --> BSRGAN --> x4--> ball.png
24-01-31 13:56:13.535 :       Model Name : BSRGAN
24-01-31 13:56:13.537 :           GPU ID : 0
24-01-31 13:56:14.236 :       Input Path : testsets\RealSRSet
24-01-31 13:56:14.236 :      Output Path : testsets\RealSRSet_results_x4
24-01-31 13:56:14.236 : ---1 --> BSRGAN --> x4--> ball.png
24-01-31 13:58:58.876 :       Model Name : BSRGAN
24-01-31 13:58:58.879 :           GPU ID : 0
24-01-31 13:58:59.621 :       Input Path : testsets\RealSRSet
24-01-31 13:58:59.621 :      Output Path : testsets\RealSRSet_results_x4
24-01-31 13:58:59.622 : ---1 --> BSRGAN --> x4--> ball.png
24-01-31 14:01:00.758 :       Model Name : BSRGAN
24-01-31 14:01:00.761 :           GPU ID : 0
24-01-31 14:01:01.429 :       Input Path : testsets\RealSRSet
24-01-31 14:01:01.429 :      Output Path : testsets\RealSRSet_results_x4
24-01-31 14:01:01.429 : ---1 --> BSRGAN --> x4--> ball.png
24-01-31 14:06:22.418 :       Model Name : BSRGAN
24-01-31 14:06:22.418 :           GPU ID : 0
24-01-31 14:06:23.036 :       Input Path : testsets\RealSRSet
24-01-31 14:06:23.037 :      Output Path : testsets\RealSRSet_results_x4
24-01-31 14:06:23.037 : ---1 --> BSRGAN --> x4--> ball.png
24-01-31 14:07:19.262 :       Model Name : BSRGAN
24-01-31 14:07:19.265 :           GPU ID : 0
24-01-31 14:07:19.972 :       Input Path : testsets\RealSRSet
24-01-31 14:07:19.972 :      Output Path : testsets\RealSRSet_results_x4
24-01-31 14:07:19.972 : ---1 --> BSRGAN --> x4--> ball.png
24-01-31 14:08:41.567 :       Model Name : BSRGAN
24-01-31 14:08:41.570 :           GPU ID : 0
24-01-31 14:08:42.231 :       Input Path : testsets\RealSRSet
24-01-31 14:08:42.231 :      Output Path : testsets\RealSRSet_results_x4
24-01-31 14:08:42.232 : ---1 --> BSRGAN --> x4--> ball.png
24-01-31 14:10:56.694 :       Model Name : BSRGAN
24-01-31 14:10:56.696 :           GPU ID : 0
24-01-31 14:10:57.377 :       Input Path : testsets\RealSRSet
24-01-31 14:10:57.378 :      Output Path : testsets\RealSRSet_results_x4
24-01-31 14:10:57.378 : ---1 --> BSRGAN --> x4--> ball.png
24-01-31 14:12:10.717 :       Model Name : BSRGAN
24-01-31 14:12:10.719 :           GPU ID : 0
24-01-31 14:12:11.371 :       Input Path : testsets\RealSRSet
24-01-31 14:12:11.371 :      Output Path : testsets\RealSRSet_results_x4
24-01-31 14:12:11.371 : ---1 --> BSRGAN --> x4--> ball.png
24-01-31 14:13:15.505 :       Model Name : BSRGAN
24-01-31 14:13:15.508 :           GPU ID : 0
24-01-31 14:13:16.144 :       Input Path : testsets\RealSRSet
24-01-31 14:13:16.145 :      Output Path : testsets\RealSRSet_results_x4
24-01-31 14:13:16.145 : ---1 --> BSRGAN --> x4--> ball.png
24-01-31 14:21:16.999 :       Model Name : BSRGAN
24-01-31 14:21:17.002 :           GPU ID : 0
24-01-31 14:21:17.860 :       Input Path : testsets\RealSRSet
24-01-31 14:21:17.861 :      Output Path : testsets\RealSRSet_results_x4
24-01-31 14:21:17.861 : ---1 --> BSRGAN --> x4--> ball.png
24-01-31 14:21:57.620 :       Model Name : BSRGAN
24-01-31 14:21:57.621 :           GPU ID : 0
24-01-31 14:21:58.259 :       Input Path : testsets\RealSRSet
24-01-31 14:21:58.259 :      Output Path : testsets\RealSRSet_results_x4
24-01-31 14:21:58.259 : ---1 --> BSRGAN --> x4--> ball.png
24-01-31 14:22:08.795 :       Model Name : BSRGAN
24-01-31 14:22:08.795 :           GPU ID : 0
24-01-31 14:22:09.396 :       Input Path : testsets\RealSRSet
24-01-31 14:22:09.396 :      Output Path : testsets\RealSRSet_results_x4
24-01-31 14:22:09.396 : ---1 --> BSRGAN --> x4--> ball.png
24-01-31 14:22:23.280 :       Model Name : BSRGAN
24-01-31 14:22:23.281 :           GPU ID : 0
24-01-31 14:22:23.909 :       Input Path : testsets\RealSRSet
24-01-31 14:22:23.909 :      Output Path : testsets\RealSRSet_results_x4
24-01-31 14:22:23.909 : ---1 --> BSRGAN --> x4--> mapamental.jpg
24-01-31 14:22:33.526 :       Model Name : BSRGAN
24-01-31 14:22:33.526 :           GPU ID : 0
24-01-31 14:22:34.161 :       Input Path : testsets\RealSRSet
24-01-31 14:22:34.161 :      Output Path : testsets\RealSRSet_results_x4
24-01-31 14:22:34.161 : ---1 --> BSRGAN --> x4--> ball.png
24-01-31 14:22:36.443 :       Model Name : BSRGAN
24-01-31 14:22:36.444 :           GPU ID : 0
24-01-31 14:22:36.986 :       Input Path : testsets\RealSRSet
24-01-31 14:22:36.987 :      Output Path : testsets\RealSRSet_results_x4
24-01-31 14:22:36.987 : ---1 --> BSRGAN --> x4--> demo.png
24-01-31 14:22:42.731 :       Model Name : BSRGAN
24-01-31 14:22:42.731 :           GPU ID : 0
24-01-31 14:22:43.298 :       Input Path : testsets\RealSRSet
24-01-31 14:22:43.298 :      Output Path : testsets\RealSRSet_results_x4
24-01-31 14:22:43.298 : ---1 --> BSRGAN --> x4--> PRR.png
24-01-31 14:25:10.168 :       Model Name : BSRGAN
24-01-31 14:25:10.172 :           GPU ID : 0
24-01-31 14:25:11.387 :       Input Path : testsets\RealSRSet
24-01-31 14:25:11.387 :      Output Path : testsets\RealSRSet_results_x4
24-01-31 14:25:11.388 : ---1 --> BSRGAN --> x4--> mapamental.jpg
24-01-31 14:25:20.741 :       Model Name : BSRGAN
24-01-31 14:25:20.741 :           GPU ID : 0
24-01-31 14:25:21.352 :       Input Path : testsets\RealSRSet
24-01-31 14:25:21.353 :      Output Path : testsets\RealSRSet_results_x4
24-01-31 14:25:21.353 : ---1 --> BSRGAN --> x4--> ball.png
24-01-31 14:25:23.770 :       Model Name : BSRGAN
24-01-31 14:25:23.770 :           GPU ID : 0
24-01-31 14:25:24.353 :       Input Path : testsets\RealSRSet
24-01-31 14:25:24.354 :      Output Path : testsets\RealSRSet_results_x4
24-01-31 14:25:24.354 : ---1 --> BSRGAN --> x4--> demo.png
24-01-31 14:25:30.074 :       Model Name : BSRGAN
24-01-31 14:25:30.074 :           GPU ID : 0
24-01-31 14:25:30.696 :       Input Path : testsets\RealSRSet
24-01-31 14:25:30.696 :      Output Path : testsets\RealSRSet_results_x4
24-01-31 14:25:30.697 : ---1 --> BSRGAN --> x4--> PRR.png
24-01-31 14:27:06.104 :       Model Name : BSRGAN
24-01-31 14:27:06.107 :           GPU ID : 0
24-01-31 14:27:06.774 :       Input Path : testsets\RealSRSet
24-01-31 14:27:06.774 :      Output Path : testsets\RealSRSet_results_x4
24-01-31 14:27:06.774 : ---1 --> BSRGAN --> x4--> PRR.png
24-01-31 14:29:49.849 :       Model Name : BSRGAN
24-01-31 14:29:49.852 :           GPU ID : 0
24-01-31 14:29:51.097 :       Input Path : testsets\RealSRSet
24-01-31 14:29:51.097 :      Output Path : testsets\RealSRSet_results_x4
24-01-31 14:29:51.098 : ---1 --> BSRGAN --> x4--> Sistemas naturais - Grupo 7 (1).png
